[debug] [2026-02-16T12:52:24.466Z] > command requires scopes: ["email","openid","https://www.googleapis.com/auth/cloudplatformprojects.readonly","https://www.googleapis.com/auth/firebase","https://www.googleapis.com/auth/cloud-platform"]
[debug] [2026-02-16T12:52:24.467Z] > authorizing via signed-in user (brosh1999@gmail.com)
[debug] [2026-02-16T12:52:24.467Z] Checked if tokens are valid: false, expires at: 1771192808947
[debug] [2026-02-16T12:52:24.468Z] Checked if tokens are valid: false, expires at: 1771192808947
[debug] [2026-02-16T12:52:24.468Z] > refreshing access token with scopes: []
[debug] [2026-02-16T12:52:24.468Z] >>> [apiv2][query] POST https://www.googleapis.com/oauth2/v3/token [none]
[debug] [2026-02-16T12:52:24.468Z] >>> [apiv2][body] POST https://www.googleapis.com/oauth2/v3/token [omitted]
[debug] [2026-02-16T12:52:24.469Z] > command requires scopes: ["email","openid","https://www.googleapis.com/auth/cloudplatformprojects.readonly","https://www.googleapis.com/auth/firebase","https://www.googleapis.com/auth/cloud-platform"]
[debug] [2026-02-16T12:52:24.469Z] > authorizing via signed-in user (brosh1999@gmail.com)
[debug] [2026-02-16T12:52:24.469Z] Checked if tokens are valid: false, expires at: 1771192808947
[debug] [2026-02-16T12:52:24.469Z] Checked if tokens are valid: false, expires at: 1771192808947
[debug] [2026-02-16T12:52:24.469Z] > refreshing access token with scopes: []
[debug] [2026-02-16T12:52:24.469Z] >>> [apiv2][query] POST https://www.googleapis.com/oauth2/v3/token [none]
[debug] [2026-02-16T12:52:24.469Z] >>> [apiv2][body] POST https://www.googleapis.com/oauth2/v3/token [omitted]
[debug] [2026-02-16T12:52:24.635Z] <<< [apiv2][status] POST https://www.googleapis.com/oauth2/v3/token 200
[debug] [2026-02-16T12:52:24.635Z] <<< [apiv2][body] POST https://www.googleapis.com/oauth2/v3/token [omitted]
[debug] [2026-02-16T12:52:24.660Z] >>> [apiv2][query] GET https://cloudbilling.googleapis.com/v1/projects/piggybank-a0011/billingInfo [none]
[debug] [2026-02-16T12:52:24.661Z] <<< [apiv2][status] POST https://www.googleapis.com/oauth2/v3/token 200
[debug] [2026-02-16T12:52:24.661Z] <<< [apiv2][body] POST https://www.googleapis.com/oauth2/v3/token [omitted]
[debug] [2026-02-16T12:52:24.683Z] >>> [apiv2][query] GET https://cloudbilling.googleapis.com/v1/projects/piggybank-a0011/billingInfo [none]
[debug] [2026-02-16T12:52:25.033Z] <<< [apiv2][status] GET https://cloudbilling.googleapis.com/v1/projects/piggybank-a0011/billingInfo 200
[debug] [2026-02-16T12:52:25.033Z] <<< [apiv2][body] GET https://cloudbilling.googleapis.com/v1/projects/piggybank-a0011/billingInfo {"name":"projects/piggybank-a0011/billingInfo","projectId":"piggybank-a0011","billingAccountName":"billingAccounts/015160-BDB82A-F593ED","billingEnabled":true}
[debug] [2026-02-16T12:52:25.042Z] Checked if tokens are valid: true, expires at: 1771249943661
[debug] [2026-02-16T12:52:25.042Z] Checked if tokens are valid: true, expires at: 1771249943661
[debug] [2026-02-16T12:52:25.051Z] Checked if tokens are valid: true, expires at: 1771249943661
[debug] [2026-02-16T12:52:25.051Z] Checked if tokens are valid: true, expires at: 1771249943661
[debug] [2026-02-16T12:52:25.052Z] Checked if tokens are valid: true, expires at: 1771249943661
[debug] [2026-02-16T12:52:25.052Z] Checked if tokens are valid: true, expires at: 1771249943661
[debug] [2026-02-16T12:52:25.052Z] >>> [apiv2][query] GET https://serviceusage.googleapis.com/v1/projects/piggybank-a0011/services/firebasedataconnect.googleapis.com [none]
[debug] [2026-02-16T12:52:25.052Z] >>> [apiv2][(partial)header] GET https://serviceusage.googleapis.com/v1/projects/piggybank-a0011/services/firebasedataconnect.googleapis.com  x-goog-user-project=piggybank-a0011
[debug] [2026-02-16T12:52:25.053Z] >>> [apiv2][query] GET https://serviceusage.googleapis.com/v1/projects/piggybank-a0011/services/firebaseapphosting.googleapis.com [none]
[debug] [2026-02-16T12:52:25.053Z] >>> [apiv2][(partial)header] GET https://serviceusage.googleapis.com/v1/projects/piggybank-a0011/services/firebaseapphosting.googleapis.com  x-goog-user-project=piggybank-a0011
[debug] [2026-02-16T12:52:25.053Z] >>> [apiv2][query] GET https://serviceusage.googleapis.com/v1/projects/piggybank-a0011/services/firebaseio.com [none]
[debug] [2026-02-16T12:52:25.054Z] >>> [apiv2][(partial)header] GET https://serviceusage.googleapis.com/v1/projects/piggybank-a0011/services/firebaseio.com  x-goog-user-project=piggybank-a0011
[debug] [2026-02-16T12:52:25.119Z] Checked if tokens are valid: true, expires at: 1771249943661
[debug] [2026-02-16T12:52:25.119Z] Checked if tokens are valid: true, expires at: 1771249943661
[debug] [2026-02-16T12:52:25.119Z] >>> [apiv2][query] GET https://serviceusage.googleapis.com/v1/projects/piggybank-a0011/services/firebaseappdistribution.googleapis.com [none]
[debug] [2026-02-16T12:52:25.119Z] >>> [apiv2][(partial)header] GET https://serviceusage.googleapis.com/v1/projects/piggybank-a0011/services/firebaseappdistribution.googleapis.com  x-goog-user-project=piggybank-a0011
[debug] [2026-02-16T12:52:25.468Z] <<< [apiv2][status] GET https://cloudbilling.googleapis.com/v1/projects/piggybank-a0011/billingInfo 200
[debug] [2026-02-16T12:52:25.469Z] <<< [apiv2][body] GET https://cloudbilling.googleapis.com/v1/projects/piggybank-a0011/billingInfo {"name":"projects/piggybank-a0011/billingInfo","projectId":"piggybank-a0011","billingAccountName":"billingAccounts/015160-BDB82A-F593ED","billingEnabled":true}
[debug] [2026-02-16T12:52:25.469Z] Checked if tokens are valid: true, expires at: 1771249943661
[debug] [2026-02-16T12:52:25.470Z] Checked if tokens are valid: true, expires at: 1771249943661
[debug] [2026-02-16T12:52:25.472Z] Checked if tokens are valid: true, expires at: 1771249943661
[debug] [2026-02-16T12:52:25.472Z] Checked if tokens are valid: true, expires at: 1771249943661
[debug] [2026-02-16T12:52:25.473Z] Checked if tokens are valid: true, expires at: 1771249943661
[debug] [2026-02-16T12:52:25.473Z] Checked if tokens are valid: true, expires at: 1771249943661
[debug] [2026-02-16T12:52:25.473Z] >>> [apiv2][query] GET https://serviceusage.googleapis.com/v1/projects/piggybank-a0011/services/firebasedataconnect.googleapis.com [none]
[debug] [2026-02-16T12:52:25.473Z] >>> [apiv2][(partial)header] GET https://serviceusage.googleapis.com/v1/projects/piggybank-a0011/services/firebasedataconnect.googleapis.com  x-goog-user-project=piggybank-a0011
[debug] [2026-02-16T12:52:25.474Z] >>> [apiv2][query] GET https://serviceusage.googleapis.com/v1/projects/piggybank-a0011/services/firebaseapphosting.googleapis.com [none]
[debug] [2026-02-16T12:52:25.474Z] >>> [apiv2][(partial)header] GET https://serviceusage.googleapis.com/v1/projects/piggybank-a0011/services/firebaseapphosting.googleapis.com  x-goog-user-project=piggybank-a0011
[debug] [2026-02-16T12:52:25.474Z] >>> [apiv2][query] GET https://serviceusage.googleapis.com/v1/projects/piggybank-a0011/services/firebaseio.com [none]
[debug] [2026-02-16T12:52:25.474Z] >>> [apiv2][(partial)header] GET https://serviceusage.googleapis.com/v1/projects/piggybank-a0011/services/firebaseio.com  x-goog-user-project=piggybank-a0011
[debug] [2026-02-16T12:52:25.524Z] Checked if tokens are valid: true, expires at: 1771249943661
[debug] [2026-02-16T12:52:25.524Z] Checked if tokens are valid: true, expires at: 1771249943661
[debug] [2026-02-16T12:52:25.524Z] >>> [apiv2][query] GET https://serviceusage.googleapis.com/v1/projects/piggybank-a0011/services/firebaseappdistribution.googleapis.com [none]
[debug] [2026-02-16T12:52:25.524Z] >>> [apiv2][(partial)header] GET https://serviceusage.googleapis.com/v1/projects/piggybank-a0011/services/firebaseappdistribution.googleapis.com  x-goog-user-project=piggybank-a0011
[debug] [2026-02-16T12:52:26.094Z] <<< [apiv2][status] GET https://serviceusage.googleapis.com/v1/projects/piggybank-a0011/services/firebaseio.com 403
[debug] [2026-02-16T12:52:26.094Z] <<< [apiv2][body] GET https://serviceusage.googleapis.com/v1/projects/piggybank-a0011/services/firebaseio.com [omitted]
[debug] [2026-02-16T12:52:26.227Z] <<< [apiv2][status] GET https://serviceusage.googleapis.com/v1/projects/piggybank-a0011/services/firebaseapphosting.googleapis.com 200
[debug] [2026-02-16T12:52:26.227Z] <<< [apiv2][body] GET https://serviceusage.googleapis.com/v1/projects/piggybank-a0011/services/firebaseapphosting.googleapis.com [omitted]
[debug] [2026-02-16T12:52:26.238Z] <<< [apiv2][status] GET https://serviceusage.googleapis.com/v1/projects/piggybank-a0011/services/firebasedataconnect.googleapis.com 200
[debug] [2026-02-16T12:52:26.238Z] <<< [apiv2][body] GET https://serviceusage.googleapis.com/v1/projects/piggybank-a0011/services/firebasedataconnect.googleapis.com [omitted]
[debug] [2026-02-16T12:52:26.246Z] <<< [apiv2][status] GET https://serviceusage.googleapis.com/v1/projects/piggybank-a0011/services/firebaseappdistribution.googleapis.com 200
[debug] [2026-02-16T12:52:26.246Z] <<< [apiv2][body] GET https://serviceusage.googleapis.com/v1/projects/piggybank-a0011/services/firebaseappdistribution.googleapis.com [omitted]
[debug] [2026-02-16T12:52:26.315Z] > command requires scopes: ["email","openid","https://www.googleapis.com/auth/cloudplatformprojects.readonly","https://www.googleapis.com/auth/firebase","https://www.googleapis.com/auth/cloud-platform"]
[debug] [2026-02-16T12:52:26.315Z] > authorizing via signed-in user (brosh1999@gmail.com)
[debug] [2026-02-16T12:52:26.315Z] Checked if tokens are valid: true, expires at: 1771249943661
[debug] [2026-02-16T12:52:26.315Z] Checked if tokens are valid: true, expires at: 1771249943661
[debug] [2026-02-16T12:52:26.316Z] >>> [apiv2][query] GET https://cloudbilling.googleapis.com/v1/projects/piggybank-a0011/billingInfo [none]
[debug] [2026-02-16T12:52:26.524Z] <<< [apiv2][status] GET https://cloudbilling.googleapis.com/v1/projects/piggybank-a0011/billingInfo 200
[debug] [2026-02-16T12:52:26.524Z] <<< [apiv2][body] GET https://cloudbilling.googleapis.com/v1/projects/piggybank-a0011/billingInfo {"name":"projects/piggybank-a0011/billingInfo","projectId":"piggybank-a0011","billingAccountName":"billingAccounts/015160-BDB82A-F593ED","billingEnabled":true}
[debug] [2026-02-16T12:52:26.652Z] <<< [apiv2][status] GET https://serviceusage.googleapis.com/v1/projects/piggybank-a0011/services/firebaseappdistribution.googleapis.com 200
[debug] [2026-02-16T12:52:26.652Z] <<< [apiv2][body] GET https://serviceusage.googleapis.com/v1/projects/piggybank-a0011/services/firebaseappdistribution.googleapis.com [omitted]
[debug] [2026-02-16T12:52:26.708Z] > command requires scopes: ["email","openid","https://www.googleapis.com/auth/cloudplatformprojects.readonly","https://www.googleapis.com/auth/firebase","https://www.googleapis.com/auth/cloud-platform"]
[debug] [2026-02-16T12:52:26.709Z] > authorizing via signed-in user (brosh1999@gmail.com)
[debug] [2026-02-16T12:52:26.771Z] > command requires scopes: ["email","openid","https://www.googleapis.com/auth/cloudplatformprojects.readonly","https://www.googleapis.com/auth/firebase","https://www.googleapis.com/auth/cloud-platform"]
[debug] [2026-02-16T12:52:26.771Z] > authorizing via signed-in user (brosh1999@gmail.com)
[debug] [2026-02-16T12:52:26.771Z] Checked if tokens are valid: true, expires at: 1771249943661
[debug] [2026-02-16T12:52:26.771Z] Checked if tokens are valid: true, expires at: 1771249943661
[debug] [2026-02-16T12:52:26.771Z] >>> [apiv2][query] GET https://cloudbilling.googleapis.com/v1/projects/piggybank-a0011/billingInfo [none]
[debug] [2026-02-16T12:52:26.976Z] <<< [apiv2][status] GET https://serviceusage.googleapis.com/v1/projects/piggybank-a0011/services/firebaseio.com 403
[debug] [2026-02-16T12:52:26.976Z] <<< [apiv2][body] GET https://serviceusage.googleapis.com/v1/projects/piggybank-a0011/services/firebaseio.com [omitted]
[debug] [2026-02-16T12:52:27.009Z] <<< [apiv2][status] GET https://cloudbilling.googleapis.com/v1/projects/piggybank-a0011/billingInfo 200
[debug] [2026-02-16T12:52:27.009Z] <<< [apiv2][body] GET https://cloudbilling.googleapis.com/v1/projects/piggybank-a0011/billingInfo {"name":"projects/piggybank-a0011/billingInfo","projectId":"piggybank-a0011","billingAccountName":"billingAccounts/015160-BDB82A-F593ED","billingEnabled":true}
[debug] [2026-02-16T12:52:27.051Z] > command requires scopes: ["email","openid","https://www.googleapis.com/auth/cloudplatformprojects.readonly","https://www.googleapis.com/auth/firebase","https://www.googleapis.com/auth/cloud-platform"]
[debug] [2026-02-16T12:52:27.051Z] > authorizing via signed-in user (brosh1999@gmail.com)
[debug] [2026-02-16T12:52:27.180Z] > command requires scopes: ["email","openid","https://www.googleapis.com/auth/cloudplatformprojects.readonly","https://www.googleapis.com/auth/firebase","https://www.googleapis.com/auth/cloud-platform"]
[debug] [2026-02-16T12:52:27.181Z] > authorizing via signed-in user (brosh1999@gmail.com)
[debug] [2026-02-16T12:52:27.181Z] Checked if tokens are valid: true, expires at: 1771249943661
[debug] [2026-02-16T12:52:27.181Z] Checked if tokens are valid: true, expires at: 1771249943661
[debug] [2026-02-16T12:52:27.181Z] >>> [apiv2][query] GET https://cloudbilling.googleapis.com/v1/projects/piggybank-a0011/billingInfo [none]
[debug] [2026-02-16T12:52:27.185Z] > command requires scopes: ["email","openid","https://www.googleapis.com/auth/cloudplatformprojects.readonly","https://www.googleapis.com/auth/firebase","https://www.googleapis.com/auth/cloud-platform"]
[debug] [2026-02-16T12:52:27.185Z] > authorizing via signed-in user (brosh1999@gmail.com)
[debug] [2026-02-16T12:52:27.185Z] Checked if tokens are valid: true, expires at: 1771249943661
[debug] [2026-02-16T12:52:27.185Z] Checked if tokens are valid: true, expires at: 1771249943661
[debug] [2026-02-16T12:52:27.185Z] >>> [apiv2][query] GET https://cloudbilling.googleapis.com/v1/projects/piggybank-a0011/billingInfo [none]
[debug] [2026-02-16T12:52:27.235Z] <<< [apiv2][status] GET https://serviceusage.googleapis.com/v1/projects/piggybank-a0011/services/firebaseapphosting.googleapis.com 200
[debug] [2026-02-16T12:52:27.235Z] <<< [apiv2][body] GET https://serviceusage.googleapis.com/v1/projects/piggybank-a0011/services/firebaseapphosting.googleapis.com [omitted]
[debug] [2026-02-16T12:52:27.243Z] <<< [apiv2][status] GET https://serviceusage.googleapis.com/v1/projects/piggybank-a0011/services/firebasedataconnect.googleapis.com 200
[debug] [2026-02-16T12:52:27.243Z] <<< [apiv2][body] GET https://serviceusage.googleapis.com/v1/projects/piggybank-a0011/services/firebasedataconnect.googleapis.com [omitted]
[debug] [2026-02-16T12:52:27.261Z] > command requires scopes: ["email","openid","https://www.googleapis.com/auth/cloudplatformprojects.readonly","https://www.googleapis.com/auth/firebase","https://www.googleapis.com/auth/cloud-platform"]
[debug] [2026-02-16T12:52:27.261Z] > authorizing via signed-in user (brosh1999@gmail.com)
[debug] [2026-02-16T12:52:27.261Z] Checked if tokens are valid: true, expires at: 1771249943661
[debug] [2026-02-16T12:52:27.261Z] Checked if tokens are valid: true, expires at: 1771249943661
[debug] [2026-02-16T12:52:27.261Z] >>> [apiv2][query] GET https://cloudbilling.googleapis.com/v1/projects/piggybank-a0011/billingInfo [none]
[debug] [2026-02-16T12:52:27.262Z] > command requires scopes: ["email","openid","https://www.googleapis.com/auth/cloudplatformprojects.readonly","https://www.googleapis.com/auth/firebase","https://www.googleapis.com/auth/cloud-platform"]
[debug] [2026-02-16T12:52:27.262Z] > authorizing via signed-in user (brosh1999@gmail.com)
[debug] [2026-02-16T12:52:27.262Z] Checked if tokens are valid: true, expires at: 1771249943661
[debug] [2026-02-16T12:52:27.262Z] Checked if tokens are valid: true, expires at: 1771249943661
[debug] [2026-02-16T12:52:27.262Z] >>> [apiv2][query] GET https://cloudbilling.googleapis.com/v1/projects/piggybank-a0011/billingInfo [none]
[debug] [2026-02-16T12:52:27.383Z] <<< [apiv2][status] GET https://cloudbilling.googleapis.com/v1/projects/piggybank-a0011/billingInfo 200
[debug] [2026-02-16T12:52:27.383Z] <<< [apiv2][body] GET https://cloudbilling.googleapis.com/v1/projects/piggybank-a0011/billingInfo {"name":"projects/piggybank-a0011/billingInfo","projectId":"piggybank-a0011","billingAccountName":"billingAccounts/015160-BDB82A-F593ED","billingEnabled":true}
[debug] [2026-02-16T12:52:27.498Z] <<< [apiv2][status] GET https://cloudbilling.googleapis.com/v1/projects/piggybank-a0011/billingInfo 200
[debug] [2026-02-16T12:52:27.498Z] <<< [apiv2][body] GET https://cloudbilling.googleapis.com/v1/projects/piggybank-a0011/billingInfo {"name":"projects/piggybank-a0011/billingInfo","projectId":"piggybank-a0011","billingAccountName":"billingAccounts/015160-BDB82A-F593ED","billingEnabled":true}
[debug] [2026-02-16T12:52:27.631Z] <<< [apiv2][status] GET https://cloudbilling.googleapis.com/v1/projects/piggybank-a0011/billingInfo 200
[debug] [2026-02-16T12:52:27.631Z] <<< [apiv2][body] GET https://cloudbilling.googleapis.com/v1/projects/piggybank-a0011/billingInfo {"name":"projects/piggybank-a0011/billingInfo","projectId":"piggybank-a0011","billingAccountName":"billingAccounts/015160-BDB82A-F593ED","billingEnabled":true}
[debug] [2026-02-16T12:52:27.642Z] > command requires scopes: ["email","openid","https://www.googleapis.com/auth/cloudplatformprojects.readonly","https://www.googleapis.com/auth/firebase","https://www.googleapis.com/auth/cloud-platform"]
[debug] [2026-02-16T12:52:27.642Z] > authorizing via signed-in user (brosh1999@gmail.com)
[debug] [2026-02-16T12:52:27.767Z] <<< [apiv2][status] GET https://cloudbilling.googleapis.com/v1/projects/piggybank-a0011/billingInfo 200
[debug] [2026-02-16T12:52:27.767Z] <<< [apiv2][body] GET https://cloudbilling.googleapis.com/v1/projects/piggybank-a0011/billingInfo {"name":"projects/piggybank-a0011/billingInfo","projectId":"piggybank-a0011","billingAccountName":"billingAccounts/015160-BDB82A-F593ED","billingEnabled":true}
[debug] [2026-02-16T12:52:27.773Z] > command requires scopes: ["email","openid","https://www.googleapis.com/auth/cloudplatformprojects.readonly","https://www.googleapis.com/auth/firebase","https://www.googleapis.com/auth/cloud-platform"]
[debug] [2026-02-16T12:52:27.773Z] > authorizing via signed-in user (brosh1999@gmail.com)
[debug] [2026-02-16T12:52:27.867Z] > command requires scopes: ["email","openid","https://www.googleapis.com/auth/cloudplatformprojects.readonly","https://www.googleapis.com/auth/firebase","https://www.googleapis.com/auth/cloud-platform"]
[debug] [2026-02-16T12:52:27.867Z] > authorizing via signed-in user (brosh1999@gmail.com)
[debug] [2026-02-16T12:52:27.867Z] Checked if tokens are valid: true, expires at: 1771249943661
[debug] [2026-02-16T12:52:27.867Z] Checked if tokens are valid: true, expires at: 1771249943661
[debug] [2026-02-16T12:52:27.867Z] >>> [apiv2][query] GET https://cloudbilling.googleapis.com/v1/projects/piggybank-a0011/billingInfo [none]
[debug] [2026-02-16T12:52:27.893Z] > command requires scopes: ["email","openid","https://www.googleapis.com/auth/cloudplatformprojects.readonly","https://www.googleapis.com/auth/firebase","https://www.googleapis.com/auth/cloud-platform"]
[debug] [2026-02-16T12:52:27.893Z] > authorizing via signed-in user (brosh1999@gmail.com)
[debug] [2026-02-16T12:52:27.943Z] > command requires scopes: ["email","openid","https://www.googleapis.com/auth/cloudplatformprojects.readonly","https://www.googleapis.com/auth/firebase","https://www.googleapis.com/auth/cloud-platform"]
[debug] [2026-02-16T12:52:27.943Z] > authorizing via signed-in user (brosh1999@gmail.com)
[debug] [2026-02-16T12:52:28.087Z] <<< [apiv2][status] GET https://cloudbilling.googleapis.com/v1/projects/piggybank-a0011/billingInfo 200
[debug] [2026-02-16T12:52:28.087Z] <<< [apiv2][body] GET https://cloudbilling.googleapis.com/v1/projects/piggybank-a0011/billingInfo {"name":"projects/piggybank-a0011/billingInfo","projectId":"piggybank-a0011","billingAccountName":"billingAccounts/015160-BDB82A-F593ED","billingEnabled":true}
[debug] [2026-02-16T12:52:28.109Z] > command requires scopes: ["email","openid","https://www.googleapis.com/auth/cloudplatformprojects.readonly","https://www.googleapis.com/auth/firebase","https://www.googleapis.com/auth/cloud-platform"]
[debug] [2026-02-16T12:52:28.109Z] > authorizing via signed-in user (brosh1999@gmail.com)
[debug] [2026-02-16T12:52:28.456Z] > command requires scopes: ["email","openid","https://www.googleapis.com/auth/cloudplatformprojects.readonly","https://www.googleapis.com/auth/firebase","https://www.googleapis.com/auth/cloud-platform"]
[debug] [2026-02-16T12:52:28.457Z] > authorizing via signed-in user (brosh1999@gmail.com)
[debug] [2026-02-16T12:52:28.457Z] Checked if tokens are valid: true, expires at: 1771249943661
[debug] [2026-02-16T12:52:28.457Z] Checked if tokens are valid: true, expires at: 1771249943661
[debug] [2026-02-16T12:52:28.457Z] >>> [apiv2][query] GET https://cloudbilling.googleapis.com/v1/projects/piggybank-a0011/billingInfo [none]
[debug] [2026-02-16T12:52:28.847Z] <<< [apiv2][status] GET https://cloudbilling.googleapis.com/v1/projects/piggybank-a0011/billingInfo 200
[debug] [2026-02-16T12:52:28.847Z] <<< [apiv2][body] GET https://cloudbilling.googleapis.com/v1/projects/piggybank-a0011/billingInfo {"name":"projects/piggybank-a0011/billingInfo","projectId":"piggybank-a0011","billingAccountName":"billingAccounts/015160-BDB82A-F593ED","billingEnabled":true}
[debug] [2026-02-16T12:52:28.995Z] > command requires scopes: ["email","openid","https://www.googleapis.com/auth/cloudplatformprojects.readonly","https://www.googleapis.com/auth/firebase","https://www.googleapis.com/auth/cloud-platform"]
[debug] [2026-02-16T12:52:28.995Z] > authorizing via signed-in user (brosh1999@gmail.com)
[debug] [2026-02-16T12:52:29.058Z] > command requires scopes: ["email","openid","https://www.googleapis.com/auth/cloudplatformprojects.readonly","https://www.googleapis.com/auth/firebase","https://www.googleapis.com/auth/cloud-platform"]
[debug] [2026-02-16T12:52:29.058Z] > authorizing via signed-in user (brosh1999@gmail.com)
[debug] [2026-02-16T12:52:29.058Z] Checked if tokens are valid: true, expires at: 1771249943661
[debug] [2026-02-16T12:52:29.058Z] Checked if tokens are valid: true, expires at: 1771249943661
[debug] [2026-02-16T12:52:29.058Z] >>> [apiv2][query] GET https://cloudbilling.googleapis.com/v1/projects/piggybank-a0011/billingInfo [none]
[debug] [2026-02-16T12:52:29.257Z] <<< [apiv2][status] GET https://cloudbilling.googleapis.com/v1/projects/piggybank-a0011/billingInfo 200
[debug] [2026-02-16T12:52:29.257Z] <<< [apiv2][body] GET https://cloudbilling.googleapis.com/v1/projects/piggybank-a0011/billingInfo {"name":"projects/piggybank-a0011/billingInfo","projectId":"piggybank-a0011","billingAccountName":"billingAccounts/015160-BDB82A-F593ED","billingEnabled":true}
[debug] [2026-02-16T12:52:29.292Z] > command requires scopes: ["email","openid","https://www.googleapis.com/auth/cloudplatformprojects.readonly","https://www.googleapis.com/auth/firebase","https://www.googleapis.com/auth/cloud-platform"]
[debug] [2026-02-16T12:52:29.292Z] > authorizing via signed-in user (brosh1999@gmail.com)
[debug] [2026-02-16T12:54:00.687Z] > command requires scopes: ["email","openid","https://www.googleapis.com/auth/cloudplatformprojects.readonly","https://www.googleapis.com/auth/firebase","https://www.googleapis.com/auth/cloud-platform"]
[debug] [2026-02-16T12:54:00.687Z] > authorizing via signed-in user (brosh1999@gmail.com)
[debug] [2026-02-16T12:54:00.688Z] Checked if tokens are valid: true, expires at: 1771249943661
[debug] [2026-02-16T12:54:00.688Z] Checked if tokens are valid: true, expires at: 1771249943661
[debug] [2026-02-16T12:54:00.688Z] >>> [apiv2][query] GET https://cloudbilling.googleapis.com/v1/projects/piggybank-a0011/billingInfo [none]
[debug] [2026-02-16T12:54:00.998Z] <<< [apiv2][status] GET https://cloudbilling.googleapis.com/v1/projects/piggybank-a0011/billingInfo 200
[debug] [2026-02-16T12:54:00.998Z] <<< [apiv2][body] GET https://cloudbilling.googleapis.com/v1/projects/piggybank-a0011/billingInfo {"name":"projects/piggybank-a0011/billingInfo","projectId":"piggybank-a0011","billingAccountName":"billingAccounts/015160-BDB82A-F593ED","billingEnabled":true}
[debug] [2026-02-16T12:54:01.173Z] > command requires scopes: ["email","openid","https://www.googleapis.com/auth/cloudplatformprojects.readonly","https://www.googleapis.com/auth/firebase","https://www.googleapis.com/auth/cloud-platform"]
[debug] [2026-02-16T12:54:01.173Z] > authorizing via signed-in user (brosh1999@gmail.com)
[debug] [2026-02-16T12:54:01.235Z] > command requires scopes: ["email","openid","https://www.googleapis.com/auth/cloudplatformprojects.readonly","https://www.googleapis.com/auth/firebase","https://www.googleapis.com/auth/cloud-platform"]
[debug] [2026-02-16T12:54:01.235Z] > authorizing via signed-in user (brosh1999@gmail.com)
[debug] [2026-02-16T12:54:01.235Z] Checked if tokens are valid: true, expires at: 1771249943661
[debug] [2026-02-16T12:54:01.235Z] Checked if tokens are valid: true, expires at: 1771249943661
[debug] [2026-02-16T12:54:01.236Z] >>> [apiv2][query] GET https://cloudbilling.googleapis.com/v1/projects/piggybank-a0011/billingInfo [none]
[debug] [2026-02-16T12:54:01.443Z] <<< [apiv2][status] GET https://cloudbilling.googleapis.com/v1/projects/piggybank-a0011/billingInfo 200
[debug] [2026-02-16T12:54:01.443Z] <<< [apiv2][body] GET https://cloudbilling.googleapis.com/v1/projects/piggybank-a0011/billingInfo {"name":"projects/piggybank-a0011/billingInfo","projectId":"piggybank-a0011","billingAccountName":"billingAccounts/015160-BDB82A-F593ED","billingEnabled":true}
[debug] [2026-02-16T12:54:01.478Z] > command requires scopes: ["email","openid","https://www.googleapis.com/auth/cloudplatformprojects.readonly","https://www.googleapis.com/auth/firebase","https://www.googleapis.com/auth/cloud-platform"]
[debug] [2026-02-16T12:54:01.478Z] > authorizing via signed-in user (brosh1999@gmail.com)
[debug] [2026-02-16T12:59:00.690Z] > command requires scopes: ["email","openid","https://www.googleapis.com/auth/cloudplatformprojects.readonly","https://www.googleapis.com/auth/firebase","https://www.googleapis.com/auth/cloud-platform"]
[debug] [2026-02-16T12:59:00.690Z] > authorizing via signed-in user (brosh1999@gmail.com)
[debug] [2026-02-16T12:59:00.690Z] Checked if tokens are valid: true, expires at: 1771249943661
[debug] [2026-02-16T12:59:00.690Z] Checked if tokens are valid: true, expires at: 1771249943661
[debug] [2026-02-16T12:59:00.690Z] >>> [apiv2][query] GET https://cloudbilling.googleapis.com/v1/projects/piggybank-a0011/billingInfo [none]
[debug] [2026-02-16T12:59:01.114Z] <<< [apiv2][status] GET https://cloudbilling.googleapis.com/v1/projects/piggybank-a0011/billingInfo 200
[debug] [2026-02-16T12:59:01.114Z] <<< [apiv2][body] GET https://cloudbilling.googleapis.com/v1/projects/piggybank-a0011/billingInfo {"name":"projects/piggybank-a0011/billingInfo","projectId":"piggybank-a0011","billingAccountName":"billingAccounts/015160-BDB82A-F593ED","billingEnabled":true}
[debug] [2026-02-16T12:59:01.323Z] > command requires scopes: ["email","openid","https://www.googleapis.com/auth/cloudplatformprojects.readonly","https://www.googleapis.com/auth/firebase","https://www.googleapis.com/auth/cloud-platform"]
[debug] [2026-02-16T12:59:01.323Z] > authorizing via signed-in user (brosh1999@gmail.com)
[debug] [2026-02-16T12:59:01.384Z] > command requires scopes: ["email","openid","https://www.googleapis.com/auth/cloudplatformprojects.readonly","https://www.googleapis.com/auth/firebase","https://www.googleapis.com/auth/cloud-platform"]
[debug] [2026-02-16T12:59:01.384Z] > authorizing via signed-in user (brosh1999@gmail.com)
[debug] [2026-02-16T12:59:01.384Z] Checked if tokens are valid: true, expires at: 1771249943661
[debug] [2026-02-16T12:59:01.384Z] Checked if tokens are valid: true, expires at: 1771249943661
[debug] [2026-02-16T12:59:01.384Z] >>> [apiv2][query] GET https://cloudbilling.googleapis.com/v1/projects/piggybank-a0011/billingInfo [none]
[debug] [2026-02-16T12:59:01.704Z] <<< [apiv2][status] GET https://cloudbilling.googleapis.com/v1/projects/piggybank-a0011/billingInfo 200
[debug] [2026-02-16T12:59:01.704Z] <<< [apiv2][body] GET https://cloudbilling.googleapis.com/v1/projects/piggybank-a0011/billingInfo {"name":"projects/piggybank-a0011/billingInfo","projectId":"piggybank-a0011","billingAccountName":"billingAccounts/015160-BDB82A-F593ED","billingEnabled":true}
[debug] [2026-02-16T12:59:01.746Z] > command requires scopes: ["email","openid","https://www.googleapis.com/auth/cloudplatformprojects.readonly","https://www.googleapis.com/auth/firebase","https://www.googleapis.com/auth/cloud-platform"]
[debug] [2026-02-16T12:59:01.746Z] > authorizing via signed-in user (brosh1999@gmail.com)
[debug] [2026-02-16T13:04:00.692Z] > command requires scopes: ["email","openid","https://www.googleapis.com/auth/cloudplatformprojects.readonly","https://www.googleapis.com/auth/firebase","https://www.googleapis.com/auth/cloud-platform"]
[debug] [2026-02-16T13:04:00.692Z] > authorizing via signed-in user (brosh1999@gmail.com)
[debug] [2026-02-16T13:04:00.693Z] Checked if tokens are valid: true, expires at: 1771249943661
[debug] [2026-02-16T13:04:00.693Z] Checked if tokens are valid: true, expires at: 1771249943661
[debug] [2026-02-16T13:04:00.693Z] >>> [apiv2][query] GET https://cloudbilling.googleapis.com/v1/projects/piggybank-a0011/billingInfo [none]
[debug] [2026-02-16T13:04:00.997Z] <<< [apiv2][status] GET https://cloudbilling.googleapis.com/v1/projects/piggybank-a0011/billingInfo 200
[debug] [2026-02-16T13:04:00.997Z] <<< [apiv2][body] GET https://cloudbilling.googleapis.com/v1/projects/piggybank-a0011/billingInfo {"name":"projects/piggybank-a0011/billingInfo","projectId":"piggybank-a0011","billingAccountName":"billingAccounts/015160-BDB82A-F593ED","billingEnabled":true}
[debug] [2026-02-16T13:04:01.302Z] > command requires scopes: ["email","openid","https://www.googleapis.com/auth/cloudplatformprojects.readonly","https://www.googleapis.com/auth/firebase","https://www.googleapis.com/auth/cloud-platform"]
[debug] [2026-02-16T13:04:01.302Z] > authorizing via signed-in user (brosh1999@gmail.com)
[debug] [2026-02-16T13:04:01.364Z] > command requires scopes: ["email","openid","https://www.googleapis.com/auth/cloudplatformprojects.readonly","https://www.googleapis.com/auth/firebase","https://www.googleapis.com/auth/cloud-platform"]
[debug] [2026-02-16T13:04:01.365Z] > authorizing via signed-in user (brosh1999@gmail.com)
[debug] [2026-02-16T13:04:01.365Z] Checked if tokens are valid: true, expires at: 1771249943661
[debug] [2026-02-16T13:04:01.365Z] Checked if tokens are valid: true, expires at: 1771249943661
[debug] [2026-02-16T13:04:01.365Z] >>> [apiv2][query] GET https://cloudbilling.googleapis.com/v1/projects/piggybank-a0011/billingInfo [none]
[debug] [2026-02-16T13:04:01.566Z] <<< [apiv2][status] GET https://cloudbilling.googleapis.com/v1/projects/piggybank-a0011/billingInfo 200
[debug] [2026-02-16T13:04:01.566Z] <<< [apiv2][body] GET https://cloudbilling.googleapis.com/v1/projects/piggybank-a0011/billingInfo {"name":"projects/piggybank-a0011/billingInfo","projectId":"piggybank-a0011","billingAccountName":"billingAccounts/015160-BDB82A-F593ED","billingEnabled":true}
[debug] [2026-02-16T13:04:01.602Z] > command requires scopes: ["email","openid","https://www.googleapis.com/auth/cloudplatformprojects.readonly","https://www.googleapis.com/auth/firebase","https://www.googleapis.com/auth/cloud-platform"]
[debug] [2026-02-16T13:04:01.602Z] > authorizing via signed-in user (brosh1999@gmail.com)
